<?xml version="1.0" encoding="UTF-8"?>
<testsuite name="com.example.TestClassSpec" tests="1" skipped="0" failures="1" errors="0" timestamp="2014-12-30T23:50:17" hostname="Sloth" time="0.013">
  <properties/>
  <testcase name="should create and return test data" classname="com.example.TestClassSpec" time="0.013">
    <failure message="java.lang.NoClassDefFoundError: rx/Observable" type="java.lang.NoClassDefFoundError">java.lang.NoClassDefFoundError: rx/Observable
	at java.lang.Class.privateGetDeclaredMethods(Class.java:2693)
	at java.lang.Class.getDeclaredMethods(Class.java:1967)
	at org.codehaus.groovy.util.LazyReference.getLocked(LazyReference.java:46)
	at org.codehaus.groovy.util.LazyReference.get(LazyReference.java:33)
	at com.example.TestClassSpec.should create and return test data(TestClassSpec.groovy:8)
Caused by: java.lang.ClassNotFoundException: rx.Observable
	at java.net.URLClassLoader$1.run(URLClassLoader.java:372)
	at java.net.URLClassLoader$1.run(URLClassLoader.java:361)
	at java.net.URLClassLoader.findClass(URLClassLoader.java:360)
	at java.lang.ClassLoader.loadClass(ClassLoader.java:424)
	at sun.misc.Launcher$AppClassLoader.loadClass(Launcher.java:308)
	at java.lang.ClassLoader.loadClass(ClassLoader.java:357)
	... 5 more
</failure>
  </testcase>
  <system-out><![CDATA[]]></system-out>
  <system-err><![CDATA[]]></system-err>
</testsuite>
